<?xml version="1.0" encoding="UTF-8"?>
<!-- Generated by org.testng.reporters.JUnitReportReporter -->
<testsuite skipped="0" hostname="M7-DX-6H4DNK2" name="MyDemoPath.CaseStudy.FinalScenario" tests="1" failures="0" timestamp="24 Oct 2019 06:52:23 GMT" time="7.794" errors="0">
  <testcase name="startReportBeforeTest" time="7.794" classname="MyDemoPath.CaseStudy.FinalScenario"/>
</testsuite> <!-- MyDemoPath.CaseStudy.FinalScenario -->
